5th finger
 
norm 5distph.asc sdfast_1seg_hand_fr_c_5distph.asc -tx -0.031643 -ty -0.112354 -tz -0.010836 

norm 5midph.asc sdfast_1seg_hand_fr_c_5midph.asc -tx -0.028772 -ty -0.091677 -tz -0.008593 

norm 5proxph.asc sdfast_1seg_hand_fr_c_5proxph.asc -tx -0.023493 -ty -0.056114 -tz -0.005714 

norm 5mc.asc sdfast_1seg_hand_fr_c_5mc.asc -tx -0.021896 -ty -0.034683 -tz -0.004218 

4th finger 

norm 4distph.asc sdfast_1seg_hand_fr_c_4distph.asc -tx -0.019721 -ty -0.129252 -tz 0.005248 

norm 4midph.asc sdfast_1seg_hand_fr_c_4midph.asc -tx -0.017404 -ty -0.104463 -tz 0.004685 

norm 4proxph.asc sdfast_1seg_hand_fr_c_4proxph.asc -tx -0.013876 -ty -0.064208 -tz 0.003340 

norm 4mc.asc sdfast_1seg_hand_fr_c_4mc.asc -tx -0.012046 -ty -0.040519 -tz 0.003513 

3th finger 

norm 3distph.asc sdfast_1seg_hand_fr_c_3distph.asc -tx 0.003732 -ty -0.138787 -tz 0.017339 

norm 3midph.asc sdfast_1seg_hand_fr_c_3midph.asc -tx 0.002367 -ty -0.109740 -tz 0.015385 

norm 3proxph.asc sdfast_1seg_hand_fr_c_3proxph.asc -tx 0.000717 -ty -0.065529 -tz 0.009155 

norm 3mc.asc sdfast_1seg_hand_fr_c_3mc.asc -tx 0.000477 -ty -0.039239 -tz 0.007377 

2th finger 

norm 2distph.asc sdfast_1seg_hand_fr_c_2distph.asc -tx 0.029036 -ty -0.132024 -tz 0.017198 

norm 2midph.asc sdfast_1seg_hand_fr_c_2midph.asc -tx 0.025703 -ty -0.107136 -tz 0.015978 

norm 2proxph.asc sdfast_1seg_hand_fr_c_2proxph.asc -tx 0.018186 -ty -0.065863 -tz 0.008652 

norm 2mc.asc sdfast_1seg_hand_fr_c_2mc.asc -tx 0.014685 -ty -0.037620 -tz 0.005032 

thumb 

norm thumbdist.asc sdfast_1seg_hand_fr_c_thumbdist.asc -tx 0.052993 -ty -0.065069 -tz -0.035608 

norm thumbprox.asc sdfast_1seg_hand_fr_c_thumbprox.asc -tx 0.038993 -ty -0.039169 -tz -0.025508 

norm 1mc.asc sdfast_1seg_hand_fr_c_1mc.asc -tx 0.022493 -ty -0.009969 -tz -0.012808 

norm trapezium.asc sdfast_1seg_hand_fr_c_trapezium.asc -tx 0.015293 -ty -0.004569 -tz -0.010308 

distal_row 

norm trapezoid.asc sdfast_1seg_hand_fr_c_trapezoid.asc -tx 0.009143 -ty -0.004062 -tz -0.002464 

norm hamate.asc sdfast_1seg_hand_fr_c_hamate.asc -tx -0.010969 -ty -0.002495 -tz -0.000750 